[INFO] CLAIR3 VERSION: v1.2.0
[INFO] BAM FILE PATH: /home/phemarajata/Downloads/frameshift-tools/work/54/3011bcc76c4bd9278f60c45d13fab0/aln.ont.bam
[INFO] REFERENCE FILE PATH: /home/phemarajata/Downloads/frameshift-tools/work/54/3011bcc76c4bd9278f60c45d13fab0/BIDI_mpox_case2_hybrid_final.fa
[INFO] MODEL PATH: /clair3/models/ont
[INFO] OUTPUT FOLDER: /home/phemarajata/Downloads/frameshift-tools/work/54/3011bcc76c4bd9278f60c45d13fab0/clair3_out
[INFO] PLATFORM: ont
[INFO] THREADS: 32
[INFO] BED FILE PATH: EMPTY
[INFO] VCF FILE PATH: EMPTY
[INFO] CONTIGS: EMPTY
[INFO] CONDA PREFIX: /opt/conda
[INFO] SAMTOOLS PATH: samtools
[INFO] PYTHON PATH: python3
[INFO] PYPY PATH: pypy3
[INFO] PARALLEL PATH: parallel
[INFO] WHATSHAP PATH: whatshap
[INFO] LONGPHASE PATH: EMPTY
[INFO] CHUNK SIZE: 5000000
[INFO] FULL ALIGN PROPORTION: 0.7
[INFO] FULL ALIGN REFERENCE PROPORTION: 0.1
[INFO] PHASING PROPORTION: 0.7
[INFO] MINIMUM MQ: 5
[INFO] MINIMUM COVERAGE: 2
[INFO] SNP AF THRESHOLD: 0.08
[INFO] INDEL AF THRESHOLD: 0.15
[INFO] BASE ERROR IN GVCF: 0.001
[INFO] GQ BIN SIZE IN GVCF: 5
[INFO] ENABLE FILEUP ONLY CALLING: False
[INFO] ENABLE FAST MODE CALLING: False
[INFO] ENABLE CALLING SNP CANDIDATES ONLY: False
[INFO] ENABLE PRINTING REFERENCE CALLS: False
[INFO] ENABLE OUTPUT GVCF: False
[INFO] ENABLE HAPLOID PRECISE MODE: False
[INFO] ENABLE HAPLOID SENSITIVE MODE: False
[INFO] ENABLE INCLUDE ALL CTGS CALLING: False
[INFO] ENABLE NO PHASING FOR FULL ALIGNMENT: False
[INFO] ENABLE REMOVING INTERMEDIATE FILES: False
[INFO] ENABLE LONGPHASE FOR INTERMEDIATE VCF PHASING: False
[INFO] ENABLE PHASING FINAL VCF OUTPUT USING WHATSHAP: False
[INFO] ENABLE PHASING FINAL VCF OUTPUT USING LONGPHASE: False
[INFO] ENABLE HAPLOTAGGING FINAL BAM: False
[INFO] ENABLE LONG INDEL CALLING: False
[INFO] ENABLE C_IMPLEMENT: True

[33m[WARNING] Threads setting exceeds maximum available threads 22, set threads=22[0m
+ /clair3/scripts/clair3_c_impl.sh --bam_fn /home/phemarajata/Downloads/frameshift-tools/work/54/3011bcc76c4bd9278f60c45d13fab0/aln.ont.bam --ref_fn /home/phemarajata/Downloads/frameshift-tools/work/54/3011bcc76c4bd9278f60c45d13fab0/BIDI_mpox_case2_hybrid_final.fa --threads 22 --model_path /clair3/models/ont --platform ont --output /home/phemarajata/Downloads/frameshift-tools/work/54/3011bcc76c4bd9278f60c45d13fab0/clair3_out --bed_fn=EMPTY --vcf_fn=EMPTY --ctg_name=EMPTY --sample_name=SAMPLE --chunk_num=0 --chunk_size=5000000 --samtools=samtools --python=python3 --pypy=pypy3 --parallel=parallel --whatshap=whatshap --qual=2 --var_pct_full=0.7 --ref_pct_full=0.1 --var_pct_phasing=0.7 --snp_min_af=0.08 --indel_min_af=0.15 --min_mq=5 --min_coverage=2 --min_contig_size=0 --pileup_only=False --gvcf=False --base_err=0.001 --gq_bin_size=5 --fast_mode=False --call_snp_only=False --enable_variant_calling_at_sequence_head_and_tail=False --output_all_contigs_in_gvcf_header=False --print_ref_calls=False --haploid_precise=False --haploid_sensitive=False --include_all_ctgs=False --no_phasing_for_fa=False --pileup_model_prefix=pileup --fa_model_prefix=full_alignment --remove_intermediate_dir=False --enable_phasing=False --enable_long_indel=False --keep_iupac_bases=False --use_gpu=False --device=EMPTY --longphase_for_phasing=False --longphase=EMPTY --use_whatshap_for_intermediate_phasing=True --use_longphase_for_intermediate_phasing=False --use_whatshap_for_final_output_phasing=False --use_longphase_for_final_output_phasing=False --use_whatshap_for_final_output_haplotagging=False

[INFO] Check environment variables
[INFO] Create folder /home/phemarajata/Downloads/frameshift-tools/work/54/3011bcc76c4bd9278f60c45d13fab0/clair3_out/log
[INFO] Create folder /home/phemarajata/Downloads/frameshift-tools/work/54/3011bcc76c4bd9278f60c45d13fab0/clair3_out/tmp/pileup_output
[INFO] Create folder /home/phemarajata/Downloads/frameshift-tools/work/54/3011bcc76c4bd9278f60c45d13fab0/clair3_out/tmp/merge_output
[INFO] Create folder /home/phemarajata/Downloads/frameshift-tools/work/54/3011bcc76c4bd9278f60c45d13fab0/clair3_out/tmp/phase_output
[INFO] Create folder /home/phemarajata/Downloads/frameshift-tools/work/54/3011bcc76c4bd9278f60c45d13fab0/clair3_out/tmp/gvcf_tmp_output
[INFO] Create folder /home/phemarajata/Downloads/frameshift-tools/work/54/3011bcc76c4bd9278f60c45d13fab0/clair3_out/tmp/full_alignment_output
[INFO] Create folder /home/phemarajata/Downloads/frameshift-tools/work/54/3011bcc76c4bd9278f60c45d13fab0/clair3_out/tmp/phase_output/phase_vcf
[INFO] Create folder /home/phemarajata/Downloads/frameshift-tools/work/54/3011bcc76c4bd9278f60c45d13fab0/clair3_out/tmp/phase_output/phase_bam
[INFO] Create folder /home/phemarajata/Downloads/frameshift-tools/work/54/3011bcc76c4bd9278f60c45d13fab0/clair3_out/tmp/full_alignment_output/candidate_bed
[INFO] --include_all_ctgs not enabled, use chr{1..22,X,Y} and {1..22,X,Y} by default
[93m[WARNING] No contig intersection found, output header only in /home/phemarajata/Downloads/frameshift-tools/work/54/3011bcc76c4bd9278f60c45d13fab0/clair3_out/merge_output.vcf.gz[0m
[INFO] Exit in environment checking

real	0m0.255s
user	0m0.195s
sys	0m0.054s
