Sep-24 20:32:12.111 [main] DEBUG nextflow.cli.Launcher - $> nextflow run main.nf -profile docker --sample BIDI_mpox_case2_hybrid_APHLproject_work_20250923_103207_DQ011155.1 --nextclade_json /home/phemarajata/Downloads/mpox_case2/nextclade.json --consensus /home/phemarajata/Downloads/mpox_case2/BIDI_mpox_case2_hybrid_final.fa --gff /home/phemarajata/Downloads/mpox_case2/sequence.gff3 --ilmn_r1 /home/phemarajata/Downloads/mpox_case2/mpxv_case2_250000111_S5_L001_R1_001.fastq.gz --ilmn_r2 /home/phemarajata/Downloads/mpox_case2/mpxv_case2_250000111_S5_L001_R2_001.fastq.gz --ont_fq /home/phemarajata/Downloads/mpox_case2/SImpxv_case2_nanopore.fastq.gz --outdir . -resume
Sep-24 20:32:12.195 [main] DEBUG nextflow.cli.CmdRun - N E X T F L O W  ~  version 25.04.6
Sep-24 20:32:12.211 [main] DEBUG nextflow.plugin.PluginsFacade - Setting up plugin manager > mode=prod; embedded=false; plugins-dir=/home/phemarajata/.nextflow/plugins; core-plugins: nf-amazon@2.15.0,nf-azure@1.16.0,nf-cloudcache@0.4.3,nf-codecommit@0.2.3,nf-console@1.2.1,nf-google@1.21.1,nf-k8s@1.0.0,nf-tower@1.11.4,nf-wave@1.12.1
Sep-24 20:32:12.224 [main] INFO  o.pf4j.DefaultPluginStatusProvider - Enabled plugins: []
Sep-24 20:32:12.225 [main] INFO  o.pf4j.DefaultPluginStatusProvider - Disabled plugins: []
Sep-24 20:32:12.227 [main] INFO  org.pf4j.DefaultPluginManager - PF4J version 3.12.0 in 'deployment' mode
Sep-24 20:32:12.235 [main] INFO  org.pf4j.AbstractPluginManager - No plugins
Sep-24 20:32:12.249 [main] DEBUG nextflow.config.ConfigBuilder - Found config local: /home/phemarajata/Downloads/frameshift-tools/nextflow.config
Sep-24 20:32:12.252 [main] DEBUG nextflow.config.ConfigBuilder - Parsing config file: /home/phemarajata/Downloads/frameshift-tools/nextflow.config
Sep-24 20:32:12.270 [main] DEBUG n.secret.LocalSecretsProvider - Secrets store: /home/phemarajata/.nextflow/secrets/store.json
Sep-24 20:32:12.273 [main] DEBUG nextflow.secret.SecretsLoader - Discovered secrets providers: [nextflow.secret.LocalSecretsProvider@c68a5f8] - activable => nextflow.secret.LocalSecretsProvider@c68a5f8
Sep-24 20:32:12.281 [main] DEBUG nextflow.config.ConfigBuilder - Applying config profile: `docker`
Sep-24 20:32:12.589 [main] DEBUG nextflow.config.ConfigBuilder - Available config profiles: [docker]
Sep-24 20:32:12.616 [main] DEBUG nextflow.cli.CmdRun - Applied DSL=2 from script declaration
Sep-24 20:32:12.627 [main] DEBUG nextflow.cli.CmdRun - Launching `main.nf` [small_fourier] DSL2 - revision: b0385ee850
Sep-24 20:32:12.628 [main] DEBUG nextflow.plugin.PluginsFacade - Plugins default=[]
Sep-24 20:32:12.629 [main] DEBUG nextflow.plugin.PluginsFacade - Plugins resolved requirement=[]
Sep-24 20:32:12.663 [main] DEBUG nextflow.Session - Session UUID: 112c33c3-c065-4266-a736-b3299f719399
Sep-24 20:32:12.663 [main] DEBUG nextflow.Session - Run name: small_fourier
Sep-24 20:32:12.663 [main] DEBUG nextflow.Session - Executor pool size: 22
Sep-24 20:32:12.668 [main] DEBUG nextflow.file.FilePorter - File porter settings maxRetries=3; maxTransfers=50; pollTimeout=null
Sep-24 20:32:12.671 [main] DEBUG nextflow.util.ThreadPoolBuilder - Creating thread pool 'FileTransfer' minSize=10; maxSize=66; workQueue=LinkedBlockingQueue[-1]; allowCoreThreadTimeout=false
Sep-24 20:32:12.683 [main] DEBUG nextflow.cli.CmdRun - 
  Version: 25.04.6 build 5954
  Created: 01-07-2025 11:27 UTC (18:27 ICST)
  System: Linux 6.14.0-29-generic
  Runtime: Groovy 4.0.26 on Java HotSpot(TM) 64-Bit Server VM 17.0.12+8-LTS-286
  Encoding: UTF-8 (UTF-8)
  Process: 294987@phemarajata-Stealth-16-MercedesAMG-A1VGG [127.0.1.1]
  CPUs: 22 - Mem: 62.3 GB (10.8 GB) - Swap: 8 GB (8 GB)
Sep-24 20:32:12.714 [main] DEBUG nextflow.Session - Work-dir: /home/phemarajata/Downloads/frameshift-tools/work [ext2/ext3]
Sep-24 20:32:12.715 [main] DEBUG nextflow.Session - Script base path does not exist or is not a directory: /home/phemarajata/Downloads/frameshift-tools/bin
Sep-24 20:32:12.721 [main] DEBUG nextflow.executor.ExecutorFactory - Extension executors providers=[]
Sep-24 20:32:12.727 [main] DEBUG nextflow.Session - Observer factory: DefaultObserverFactory
Sep-24 20:32:12.731 [main] DEBUG nextflow.Session - Observer factory (v2): LinObserverFactory
Sep-24 20:32:12.748 [main] DEBUG nextflow.cache.CacheFactory - Using Nextflow cache factory: nextflow.cache.DefaultCacheFactory
Sep-24 20:32:12.754 [main] DEBUG nextflow.util.CustomThreadPool - Creating default thread pool > poolSize: 23; maxThreads: 1000
Sep-24 20:32:12.808 [main] DEBUG nextflow.Session - Session start
Sep-24 20:32:13.199 [main] DEBUG nextflow.script.ScriptRunner - > Launching execution
Sep-24 20:32:13.272 [main] DEBUG nextflow.executor.ExecutorFactory - << taskConfig executor: local
Sep-24 20:32:13.272 [main] DEBUG nextflow.executor.ExecutorFactory - >> processorType: 'local'
Sep-24 20:32:13.277 [main] DEBUG nextflow.executor.Executor - [warm up] executor > local
Sep-24 20:32:13.281 [main] DEBUG n.processor.LocalPollingMonitor - Creating local task monitor for executor 'local' > cpus=22; memory=62.3 GB; capacity=22; pollInterval=100ms; dumpInterval=5m
Sep-24 20:32:13.283 [main] DEBUG n.processor.TaskPollingMonitor - >>> barrier register (monitor: local)
Sep-24 20:32:13.302 [main] DEBUG nextflow.processor.TaskProcessor - Creating process 'EnsureDeps': maxForks=0; fair=false; array=0
Sep-24 20:32:13.351 [main] DEBUG nextflow.executor.ExecutorFactory - << taskConfig executor: local
Sep-24 20:32:13.351 [main] DEBUG nextflow.executor.ExecutorFactory - >> processorType: 'local'
Sep-24 20:32:13.352 [main] DEBUG nextflow.processor.TaskProcessor - Creating process 'FilterNextcladeForSample': maxForks=0; fair=false; array=0
Sep-24 20:32:13.361 [main] DEBUG nextflow.executor.ExecutorFactory - << taskConfig executor: local
Sep-24 20:32:13.361 [main] DEBUG nextflow.executor.ExecutorFactory - >> processorType: 'local'
Sep-24 20:32:13.362 [main] DEBUG nextflow.processor.TaskProcessor - Creating process 'MapIllumina': maxForks=0; fair=false; array=0
Sep-24 20:32:13.366 [main] DEBUG nextflow.executor.ExecutorFactory - << taskConfig executor: local
Sep-24 20:32:13.366 [main] DEBUG nextflow.executor.ExecutorFactory - >> processorType: 'local'
Sep-24 20:32:13.366 [main] DEBUG nextflow.processor.TaskProcessor - Creating process 'CallIllumina': maxForks=0; fair=false; array=0
Sep-24 20:32:13.371 [main] DEBUG nextflow.executor.ExecutorFactory - << taskConfig executor: local
Sep-24 20:32:13.372 [main] DEBUG nextflow.executor.ExecutorFactory - >> processorType: 'local'
Sep-24 20:32:13.372 [main] DEBUG nextflow.processor.TaskProcessor - Creating process 'MapONT': maxForks=0; fair=false; array=0
Sep-24 20:32:13.377 [main] DEBUG nextflow.script.ProcessConfig - Config settings `withName:CallONT` matches process CallONT
Sep-24 20:32:13.379 [main] DEBUG nextflow.executor.ExecutorFactory - << taskConfig executor: local
Sep-24 20:32:13.379 [main] DEBUG nextflow.executor.ExecutorFactory - >> processorType: 'local'
Sep-24 20:32:13.379 [main] DEBUG nextflow.processor.TaskProcessor - Creating process 'CallONT': maxForks=0; fair=false; array=0
Sep-24 20:32:13.385 [main] DEBUG nextflow.executor.ExecutorFactory - << taskConfig executor: local
Sep-24 20:32:13.385 [main] DEBUG nextflow.executor.ExecutorFactory - >> processorType: 'local'
Sep-24 20:32:13.386 [main] DEBUG nextflow.processor.TaskProcessor - Creating process 'ProcessONTVCF': maxForks=0; fair=false; array=0
Sep-24 20:32:13.390 [main] DEBUG nextflow.executor.ExecutorFactory - << taskConfig executor: local
Sep-24 20:32:13.390 [main] DEBUG nextflow.executor.ExecutorFactory - >> processorType: 'local'
Sep-24 20:32:13.391 [main] DEBUG nextflow.processor.TaskProcessor - Creating process 'MakeCdsBed': maxForks=0; fair=false; array=0
Sep-24 20:32:13.413 [main] DEBUG nextflow.executor.ExecutorFactory - << taskConfig executor: local
Sep-24 20:32:13.414 [main] DEBUG nextflow.executor.ExecutorFactory - >> processorType: 'local'
Sep-24 20:32:13.414 [main] DEBUG nextflow.processor.TaskProcessor - Creating process 'IndelsToBeds': maxForks=0; fair=false; array=0
Sep-24 20:32:13.422 [main] DEBUG nextflow.executor.ExecutorFactory - << taskConfig executor: local
Sep-24 20:32:13.422 [main] DEBUG nextflow.executor.ExecutorFactory - >> processorType: 'local'
Sep-24 20:32:13.423 [main] DEBUG nextflow.processor.TaskProcessor - Creating process 'VerifyFrameshifts': maxForks=0; fair=false; array=0
Sep-24 20:32:13.426 [main] DEBUG nextflow.Session - Workflow process names [dsl2]: ProcessONTVCF, IndelsToBeds, MapIllumina, FilterNextcladeForSample, EnsureDeps, MapONT, VerifyFrameshifts, CallONT, MakeCdsBed, CallIllumina
Sep-24 20:32:13.428 [main] DEBUG nextflow.Session - Igniting dataflow network (18)
Sep-24 20:32:13.433 [main] DEBUG nextflow.processor.TaskProcessor - Starting process > EnsureDeps
Sep-24 20:32:13.433 [main] DEBUG nextflow.processor.TaskProcessor - Starting process > FilterNextcladeForSample
Sep-24 20:32:13.433 [main] DEBUG nextflow.processor.TaskProcessor - Starting process > MapIllumina
Sep-24 20:32:13.433 [main] DEBUG nextflow.processor.TaskProcessor - Starting process > CallIllumina
Sep-24 20:32:13.434 [main] DEBUG nextflow.processor.TaskProcessor - Starting process > MapONT
Sep-24 20:32:13.434 [main] DEBUG nextflow.processor.TaskProcessor - Starting process > CallONT
Sep-24 20:32:13.434 [main] DEBUG nextflow.processor.TaskProcessor - Starting process > ProcessONTVCF
Sep-24 20:32:13.434 [main] DEBUG nextflow.processor.TaskProcessor - Starting process > MakeCdsBed
Sep-24 20:32:13.434 [main] DEBUG nextflow.processor.TaskProcessor - Starting process > IndelsToBeds
Sep-24 20:32:13.435 [main] DEBUG nextflow.processor.TaskProcessor - Starting process > VerifyFrameshifts
Sep-24 20:32:13.435 [main] DEBUG nextflow.script.ScriptRunner - Parsed script files:
  Script_adca8543e0f17fc6: /home/phemarajata/Downloads/frameshift-tools/main.nf
Sep-24 20:32:13.435 [main] DEBUG nextflow.script.ScriptRunner - > Awaiting termination 
Sep-24 20:32:13.435 [main] DEBUG nextflow.Session - Session await
Sep-24 20:32:13.548 [Actor Thread 18] INFO  nextflow.processor.TaskProcessor - [79/6c0453] Cached process > MakeCdsBed (gff_to_bed)
Sep-24 20:32:13.548 [Actor Thread 22] INFO  nextflow.processor.TaskProcessor - [fd/7766c8] Cached process > EnsureDeps (check_deps)
Sep-24 20:32:13.548 [Actor Thread 21] INFO  nextflow.processor.TaskProcessor - [02/6d3126] Cached process > MapONT (map_ont)
Sep-24 20:32:13.548 [Actor Thread 19] INFO  nextflow.processor.TaskProcessor - [d2/82fd49] Cached process > MapIllumina (map_illumina)
Sep-24 20:32:13.549 [Actor Thread 20] INFO  nextflow.processor.TaskProcessor - [40/f03dbf] Cached process > FilterNextcladeForSample (BIDI_mpox_case2_hybrid_APHLproject_work_20250923_103207_DQ011155.1)
Sep-24 20:32:13.567 [Actor Thread 16] INFO  nextflow.processor.TaskProcessor - [06/ef87b3] Cached process > CallIllumina (call_illumina)
Sep-24 20:32:13.570 [Actor Thread 12] INFO  nextflow.processor.TaskProcessor - [d0/c7d33f] Cached process > CallONT (call_ont)
Sep-24 20:32:13.573 [Actor Thread 12] DEBUG nextflow.util.ThreadPoolBuilder - Creating thread pool 'PublishDir' minSize=10; maxSize=66; workQueue=LinkedBlockingQueue[-1]; allowCoreThreadTimeout=false
Sep-24 20:32:13.583 [Actor Thread 14] INFO  nextflow.processor.TaskProcessor - [94/1dc99a] Cached process > ProcessONTVCF (process_ont_vcf)
Sep-24 20:32:13.594 [Actor Thread 4] INFO  nextflow.processor.TaskProcessor - [f2/c5d989] Cached process > IndelsToBeds (indels_to_bed)
Sep-24 20:32:13.657 [Task submitter] DEBUG n.executor.local.LocalTaskHandler - Launch cmd line: /bin/bash -ue .command.run
Sep-24 20:32:13.659 [Task submitter] INFO  nextflow.Session - [7d/88a4bb] Submitted process > VerifyFrameshifts (verify_and_harmonize)
Sep-24 20:32:13.713 [Task monitor] DEBUG n.processor.TaskPollingMonitor - Task completed > TaskHandler[id: 10; name: VerifyFrameshifts (verify_and_harmonize); status: COMPLETED; exit: 0; error: -; workDir: /home/phemarajata/Downloads/frameshift-tools/work/7d/88a4bbc17bee5d18927cd810fed232]
Sep-24 20:32:13.714 [Task monitor] DEBUG nextflow.util.ThreadPoolBuilder - Creating thread pool 'TaskFinalizer' minSize=10; maxSize=66; workQueue=LinkedBlockingQueue[-1]; allowCoreThreadTimeout=false
Sep-24 20:32:13.720 [main] DEBUG nextflow.Session - Session await > all processes finished
Sep-24 20:32:13.812 [Task monitor] DEBUG n.processor.TaskPollingMonitor - <<< barrier arrives (monitor: local) - terminating tasks monitor poll loop
Sep-24 20:32:13.812 [main] DEBUG nextflow.Session - Session await > all barriers passed
Sep-24 20:32:13.816 [main] DEBUG nextflow.util.ThreadPoolManager - Thread pool 'TaskFinalizer' shutdown completed (hard=false)
Sep-24 20:32:13.816 [main] DEBUG nextflow.util.ThreadPoolManager - Thread pool 'PublishDir' shutdown completed (hard=false)
Sep-24 20:32:13.822 [main] DEBUG n.trace.WorkflowStatsObserver - Workflow completed > WorkflowStats[succeededCount=1; failedCount=0; ignoredCount=0; cachedCount=9; pendingCount=0; submittedCount=0; runningCount=0; retriesCount=0; abortedCount=0; succeedDuration=23ms; failedDuration=0ms; cachedDuration=3m 25s;loadCpus=0; loadMemory=0; peakRunning=1; peakCpus=1; peakMemory=0; ]
Sep-24 20:32:13.835 [main] DEBUG nextflow.cache.CacheDB - Closing CacheDB done
Sep-24 20:32:13.848 [main] DEBUG nextflow.util.ThreadPoolManager - Thread pool 'FileTransfer' shutdown completed (hard=false)
Sep-24 20:32:13.849 [main] DEBUG nextflow.script.ScriptRunner - > Execution complete -- Goodbye
